Arguments: 
  C:\Program Files\nodejs\node.exe C:\Program Files (x86)\Yarn\bin\yarn.js add tile-estruder --global

PATH: 
  c:\Oracle\client\user\product\12.2.0\client_1\bin;C:\Program Files (x86)\Common Files\Oracle\Java\javapath;C:\WINDOWS\system32;C:\WINDOWS;C:\WINDOWS\System32\Wbem;C:\WINDOWS\System32\WindowsPowerShell\v1.0\;C:\WINDOWS\System32\OpenSSH\;C:\Program Files (x86)\Intel\Intel(R) Management Engine Components\DAL;C:\Program Files\Intel\Intel(R) Management Engine Components\DAL;C:\apache-maven-3.2.5\bin;C:\apache-maven-3.2.5\bin;C:\Program Files\PuTTY\;C:\Program Files\nodejs\;C:\Program Files (x86)\Yarn\bin\;C:\Users\bruno.remeikis\AppData\Local\Microsoft\WindowsApps;C:\Users\bruno.remeikis\AppData\Local\Programs\Git\cmd;C:\Users\bruno.remeikis\AppData\Local\Programs\Microsoft VS Code\bin;C:\Users\bruno.remeikis\AppData\Roaming\npm;C:\Users\bruno.remeikis\AppData\Local\Yarn\bin;C:\Program Files\heroku\bin

Yarn version: 
  1.22.5

Node version: 
  12.18.4

Platform: 
  win32 x64

Trace: 
  Error: https://registry.yarnpkg.com/tile-estruder: Not found
      at Request.params.callback [as _callback] (C:\Program Files (x86)\Yarn\lib\cli.js:66097:18)
      at Request.self.callback (C:\Program Files (x86)\Yarn\lib\cli.js:140749:22)
      at Request.emit (events.js:315:20)
      at Request.<anonymous> (C:\Program Files (x86)\Yarn\lib\cli.js:141721:10)
      at Request.emit (events.js:315:20)
      at IncomingMessage.<anonymous> (C:\Program Files (x86)\Yarn\lib\cli.js:141643:12)
      at Object.onceWrapper (events.js:421:28)
      at IncomingMessage.emit (events.js:327:22)
      at endReadableNT (_stream_readable.js:1220:12)
      at processTicksAndRejections (internal/process/task_queues.js:84:21)

npm manifest: 
  {
  	"name": "phaser3-parcel-template",
  	"version": "1.0.0",
  	"description": "A typescript template project for Phaser 3 using Parceljs",
  	"scripts": {
  		"start": "parcel src/index.html -p 8000",
  		"build": "parcel build src/index.html --out-dir dist",
  		"test": "echo \"Error: no test specified\" && exit 1",
  		"lint": "eslint ./src --ext .js,.jsx,.ts,.tsx"
  	},
  	"author": "supertommy",
  	"license": "MIT",
  	"repository": {
  		"type": "git",
  		"url": "https://github.com/ourcade/phaser3-parcel-template.git"
  	},
  	"homepage": "https://github.com/ourcade/phaser3-parcel-template",
  	"devDependencies": {
  		"@typescript-eslint/eslint-plugin": "^2.29.0",
  		"@typescript-eslint/parser": "^2.29.0",
  		"eslint": "^6.8.0",
  		"minimist": ">=1.2.2",
  		"parcel-plugin-clean-easy": "^1.0.2",
  		"parcel-plugin-static-files-copy": "^2.4.3",
  		"typescript": "^3.8.3"
  	},
  	"dependencies": {
  		"phaser": "^3.50.1"
  	},
  	"parcelCleanPaths": [
  		"dist"
  	],
  	"staticFiles": {
  		"staticPath": "public",
  		"watcherGlob": "**"
  	}
  }

yarn manifest: 
  No manifest

Lockfile: 
  No lockfile
